2022-11-25 00:41:08.962  INFO 28016 --- [RMI TCP Connection(2)-127.0.0.1] inMXBeanRegistrar$SpringApplicationAdmin : Application shutdown requested.
2022-11-25 00:41:09.015  INFO 28016 --- [RMI TCP Connection(2)-127.0.0.1] o.apache.catalina.core.StandardService   : Stopping service [Tomcat]
2022-11-25 00:41:09.016  INFO 28016 --- [RMI TCP Connection(2)-127.0.0.1] o.a.c.c.C.[Tomcat].[localhost].[/]       : Destroying Spring FrameworkServlet 'dispatcherServlet'
2022-11-25 00:41:09.021  WARN 28016 --- [RMI TCP Connection(2)-127.0.0.1] o.a.c.loader.WebappClassLoaderBase       : The web application [ROOT] appears to have started a thread named [HikariPool-3 housekeeper] but has failed to stop it. This is very likely to create a memory leak. Stack trace of thread:
 sun.misc.Unsafe.park(Native Method)
 java.util.concurrent.locks.LockSupport.parkNanos(LockSupport.java:215)
 java.util.concurrent.locks.AbstractQueuedSynchronizer$ConditionObject.awaitNanos(AbstractQueuedSynchronizer.java:2083)
 java.util.concurrent.ScheduledThreadPoolExecutor$DelayedWorkQueue.take(ScheduledThreadPoolExecutor.java:1093)
 java.util.concurrent.ScheduledThreadPoolExecutor$DelayedWorkQueue.take(ScheduledThreadPoolExecutor.java:809)
 java.util.concurrent.ThreadPoolExecutor.getTask(ThreadPoolExecutor.java:1074)
 java.util.concurrent.ThreadPoolExecutor.runWorker(ThreadPoolExecutor.java:1134)
 java.util.concurrent.ThreadPoolExecutor$Worker.run(ThreadPoolExecutor.java:624)
 java.lang.Thread.run(Thread.java:750)
2022-11-25 00:41:09.025  INFO 28016 --- [RMI TCP Connection(2)-127.0.0.1] com.zaxxer.hikari.HikariDataSource       : HikariPool-3 - Shutdown initiated...
2022-11-25 00:41:09.035  INFO 28016 --- [RMI TCP Connection(2)-127.0.0.1] com.zaxxer.hikari.HikariDataSource       : HikariPool-3 - Shutdown completed.
2022-11-25 00:41:12.370  INFO 22184 --- [restartedMain] com.mycom.myapp.FinalProjectApplication  : Starting FinalProjectApplication using Java 1.8.0_332 on DESKTOP-7RK6DVE with PID 22184 (C:\Users\dlbia\Documents\workspace-sts-3.9.14.RELEASE\FinalProject\bin\main started by dlbia in C:\Users\dlbia\Documents\workspace-sts-3.9.14.RELEASE\FinalProject)
2022-11-25 00:41:12.371  INFO 22184 --- [restartedMain] com.mycom.myapp.FinalProjectApplication  : No active profile set, falling back to 1 default profile: "default"
2022-11-25 00:41:12.412  INFO 22184 --- [restartedMain] .e.DevToolsPropertyDefaultsPostProcessor : Devtools property defaults active! Set 'spring.devtools.add-properties' to 'false' to disable
2022-11-25 00:41:12.412  INFO 22184 --- [restartedMain] .e.DevToolsPropertyDefaultsPostProcessor : For additional web related logging consider setting the 'logging.level.web' property to 'DEBUG'
2022-11-25 00:41:13.264  INFO 22184 --- [restartedMain] o.s.b.w.embedded.tomcat.TomcatWebServer  : Tomcat initialized with port(s): 8080 (http)
2022-11-25 00:41:13.271  INFO 22184 --- [restartedMain] o.apache.catalina.core.StandardService   : Starting service [Tomcat]
2022-11-25 00:41:13.272  INFO 22184 --- [restartedMain] org.apache.catalina.core.StandardEngine  : Starting Servlet engine: [Apache Tomcat/9.0.68]
2022-11-25 00:41:13.324  INFO 22184 --- [restartedMain] o.a.c.c.C.[Tomcat].[localhost].[/]       : Initializing Spring embedded WebApplicationContext
2022-11-25 00:41:13.325  INFO 22184 --- [restartedMain] w.s.c.ServletWebServerApplicationContext : Root WebApplicationContext: initialization completed in 913 ms
2022-11-25 00:41:13.932  INFO 22184 --- [restartedMain] o.s.b.d.a.OptionalLiveReloadServer       : LiveReload server is running on port 35729
2022-11-25 00:41:14.022  INFO 22184 --- [restartedMain] o.s.b.w.embedded.tomcat.TomcatWebServer  : Tomcat started on port(s): 8080 (http) with context path ''
2022-11-25 00:41:14.031  INFO 22184 --- [restartedMain] com.mycom.myapp.FinalProjectApplication  : Started FinalProjectApplication in 1.941 seconds (JVM running for 2.471)
2022-11-25 00:41:23.350  INFO 22184 --- [http-nio-8080-exec-5] o.a.c.c.C.[Tomcat].[localhost].[/]       : Initializing Spring DispatcherServlet 'dispatcherServlet'
2022-11-25 00:41:23.350  INFO 22184 --- [http-nio-8080-exec-5] o.s.web.servlet.DispatcherServlet        : Initializing Servlet 'dispatcherServlet'
2022-11-25 00:41:23.352  INFO 22184 --- [http-nio-8080-exec-5] o.s.web.servlet.DispatcherServlet        : Completed initialization in 1 ms
2022-11-25 00:41:24.681  INFO 22184 --- [http-nio-8080-exec-10] com.zaxxer.hikari.HikariDataSource       : HikariPool-1 - Starting...
2022-11-25 00:41:24.904  INFO 22184 --- [http-nio-8080-exec-10] com.zaxxer.hikari.HikariDataSource       : HikariPool-1 - Start completed.
2022-11-25 00:46:19.066  INFO 22184 --- [File Watcher] rtingClassPathChangeChangedEventListener : Restarting due to 1 class path change (0 additions, 0 deletions, 1 modification)
2022-11-25 00:46:19.102  INFO 22184 --- [Thread-6] o.apache.catalina.core.StandardService   : Stopping service [Tomcat]
2022-11-25 00:46:19.103  INFO 22184 --- [Thread-6] o.a.c.c.C.[Tomcat].[localhost].[/]       : Destroying Spring FrameworkServlet 'dispatcherServlet'
2022-11-25 00:46:19.109  WARN 22184 --- [Thread-6] o.a.c.loader.WebappClassLoaderBase       : The web application [ROOT] appears to have started a thread named [HikariPool-1 housekeeper] but has failed to stop it. This is very likely to create a memory leak. Stack trace of thread:
 sun.misc.Unsafe.park(Native Method)
 java.util.concurrent.locks.LockSupport.parkNanos(LockSupport.java:215)
 java.util.concurrent.locks.AbstractQueuedSynchronizer$ConditionObject.awaitNanos(AbstractQueuedSynchronizer.java:2083)
 java.util.concurrent.ScheduledThreadPoolExecutor$DelayedWorkQueue.take(ScheduledThreadPoolExecutor.java:1093)
 java.util.concurrent.ScheduledThreadPoolExecutor$DelayedWorkQueue.take(ScheduledThreadPoolExecutor.java:809)
 java.util.concurrent.ThreadPoolExecutor.getTask(ThreadPoolExecutor.java:1074)
 java.util.concurrent.ThreadPoolExecutor.runWorker(ThreadPoolExecutor.java:1134)
 java.util.concurrent.ThreadPoolExecutor$Worker.run(ThreadPoolExecutor.java:624)
 java.lang.Thread.run(Thread.java:750)
2022-11-25 00:46:19.113  INFO 22184 --- [Thread-6] com.zaxxer.hikari.HikariDataSource       : HikariPool-1 - Shutdown initiated...
2022-11-25 00:46:19.121  INFO 22184 --- [Thread-6] com.zaxxer.hikari.HikariDataSource       : HikariPool-1 - Shutdown completed.
2022-11-25 00:46:19.236  INFO 22184 --- [restartedMain] com.mycom.myapp.FinalProjectApplication  : Starting FinalProjectApplication using Java 1.8.0_332 on DESKTOP-7RK6DVE with PID 22184 (C:\Users\dlbia\Documents\workspace-sts-3.9.14.RELEASE\FinalProject\bin\main started by dlbia in C:\Users\dlbia\Documents\workspace-sts-3.9.14.RELEASE\FinalProject)
2022-11-25 00:46:19.236  INFO 22184 --- [restartedMain] com.mycom.myapp.FinalProjectApplication  : No active profile set, falling back to 1 default profile: "default"
2022-11-25 00:46:19.473  INFO 22184 --- [restartedMain] o.s.b.w.embedded.tomcat.TomcatWebServer  : Tomcat initialized with port(s): 8080 (http)
2022-11-25 00:46:19.473  INFO 22184 --- [restartedMain] o.apache.catalina.core.StandardService   : Starting service [Tomcat]
2022-11-25 00:46:19.473  INFO 22184 --- [restartedMain] org.apache.catalina.core.StandardEngine  : Starting Servlet engine: [Apache Tomcat/9.0.68]
2022-11-25 00:46:19.484  INFO 22184 --- [restartedMain] o.a.c.c.C.[Tomcat].[localhost].[/]       : Initializing Spring embedded WebApplicationContext
2022-11-25 00:46:19.485  INFO 22184 --- [restartedMain] w.s.c.ServletWebServerApplicationContext : Root WebApplicationContext: initialization completed in 247 ms
2022-11-25 00:46:19.638  INFO 22184 --- [restartedMain] o.s.b.d.a.OptionalLiveReloadServer       : LiveReload server is running on port 35729
2022-11-25 00:46:19.646  INFO 22184 --- [restartedMain] o.s.b.w.embedded.tomcat.TomcatWebServer  : Tomcat started on port(s): 8080 (http) with context path ''
2022-11-25 00:46:19.650  INFO 22184 --- [restartedMain] com.mycom.myapp.FinalProjectApplication  : Started FinalProjectApplication in 0.438 seconds (JVM running for 308.09)
2022-11-25 00:46:19.651  INFO 22184 --- [restartedMain] .ConditionEvaluationDeltaLoggingListener : Condition evaluation unchanged
2022-11-25 00:47:05.790  INFO 22184 --- [http-nio-8080-exec-1] o.a.c.c.C.[Tomcat].[localhost].[/]       : Initializing Spring DispatcherServlet 'dispatcherServlet'
2022-11-25 00:47:05.791  INFO 22184 --- [http-nio-8080-exec-1] o.s.web.servlet.DispatcherServlet        : Initializing Servlet 'dispatcherServlet'
2022-11-25 00:47:05.792  INFO 22184 --- [http-nio-8080-exec-1] o.s.web.servlet.DispatcherServlet        : Completed initialization in 1 ms
2022-11-25 00:47:07.234  INFO 22184 --- [http-nio-8080-exec-3] com.zaxxer.hikari.HikariDataSource       : HikariPool-2 - Starting...
2022-11-25 00:47:07.247  INFO 22184 --- [http-nio-8080-exec-3] com.zaxxer.hikari.HikariDataSource       : HikariPool-2 - Start completed.
2022-11-25 00:49:17.113  INFO 22184 --- [File Watcher] rtingClassPathChangeChangedEventListener : Restarting due to 1 class path change (0 additions, 0 deletions, 1 modification)
2022-11-25 00:49:17.156  INFO 22184 --- [Thread-8] o.apache.catalina.core.StandardService   : Stopping service [Tomcat]
2022-11-25 00:49:17.156  INFO 22184 --- [Thread-8] o.a.c.c.C.[Tomcat].[localhost].[/]       : Destroying Spring FrameworkServlet 'dispatcherServlet'
2022-11-25 00:49:17.159  WARN 22184 --- [Thread-8] o.a.c.loader.WebappClassLoaderBase       : The web application [ROOT] appears to have started a thread named [HikariPool-2 housekeeper] but has failed to stop it. This is very likely to create a memory leak. Stack trace of thread:
 sun.misc.Unsafe.park(Native Method)
 java.util.concurrent.locks.LockSupport.parkNanos(LockSupport.java:215)
 java.util.concurrent.locks.AbstractQueuedSynchronizer$ConditionObject.awaitNanos(AbstractQueuedSynchronizer.java:2083)
 java.util.concurrent.ScheduledThreadPoolExecutor$DelayedWorkQueue.take(ScheduledThreadPoolExecutor.java:1093)
 java.util.concurrent.ScheduledThreadPoolExecutor$DelayedWorkQueue.take(ScheduledThreadPoolExecutor.java:809)
 java.util.concurrent.ThreadPoolExecutor.getTask(ThreadPoolExecutor.java:1074)
 java.util.concurrent.ThreadPoolExecutor.runWorker(ThreadPoolExecutor.java:1134)
 java.util.concurrent.ThreadPoolExecutor$Worker.run(ThreadPoolExecutor.java:624)
 java.lang.Thread.run(Thread.java:750)
2022-11-25 00:49:17.162  INFO 22184 --- [Thread-8] com.zaxxer.hikari.HikariDataSource       : HikariPool-2 - Shutdown initiated...
2022-11-25 00:49:17.168  INFO 22184 --- [Thread-8] com.zaxxer.hikari.HikariDataSource       : HikariPool-2 - Shutdown completed.
2022-11-25 00:49:17.290  INFO 22184 --- [restartedMain] com.mycom.myapp.FinalProjectApplication  : Starting FinalProjectApplication using Java 1.8.0_332 on DESKTOP-7RK6DVE with PID 22184 (C:\Users\dlbia\Documents\workspace-sts-3.9.14.RELEASE\FinalProject\bin\main started by dlbia in C:\Users\dlbia\Documents\workspace-sts-3.9.14.RELEASE\FinalProject)
2022-11-25 00:49:17.290  INFO 22184 --- [restartedMain] com.mycom.myapp.FinalProjectApplication  : No active profile set, falling back to 1 default profile: "default"
2022-11-25 00:49:17.519  INFO 22184 --- [restartedMain] o.s.b.w.embedded.tomcat.TomcatWebServer  : Tomcat initialized with port(s): 8080 (http)
2022-11-25 00:49:17.520  INFO 22184 --- [restartedMain] o.apache.catalina.core.StandardService   : Starting service [Tomcat]
2022-11-25 00:49:17.520  INFO 22184 --- [restartedMain] org.apache.catalina.core.StandardEngine  : Starting Servlet engine: [Apache Tomcat/9.0.68]
2022-11-25 00:49:17.529  INFO 22184 --- [restartedMain] o.a.c.c.C.[Tomcat].[localhost].[/]       : Initializing Spring embedded WebApplicationContext
2022-11-25 00:49:17.529  INFO 22184 --- [restartedMain] w.s.c.ServletWebServerApplicationContext : Root WebApplicationContext: initialization completed in 236 ms
2022-11-25 00:49:17.667  INFO 22184 --- [restartedMain] o.s.b.d.a.OptionalLiveReloadServer       : LiveReload server is running on port 35729
2022-11-25 00:49:17.674  INFO 22184 --- [restartedMain] o.s.b.w.embedded.tomcat.TomcatWebServer  : Tomcat started on port(s): 8080 (http) with context path ''
2022-11-25 00:49:17.677  INFO 22184 --- [restartedMain] com.mycom.myapp.FinalProjectApplication  : Started FinalProjectApplication in 0.41 seconds (JVM running for 486.117)
2022-11-25 00:49:17.678  INFO 22184 --- [restartedMain] .ConditionEvaluationDeltaLoggingListener : Condition evaluation unchanged
2022-11-25 00:49:24.202  INFO 22184 --- [http-nio-8080-exec-1] o.a.c.c.C.[Tomcat].[localhost].[/]       : Initializing Spring DispatcherServlet 'dispatcherServlet'
2022-11-25 00:49:24.203  INFO 22184 --- [http-nio-8080-exec-1] o.s.web.servlet.DispatcherServlet        : Initializing Servlet 'dispatcherServlet'
2022-11-25 00:49:24.204  INFO 22184 --- [http-nio-8080-exec-1] o.s.web.servlet.DispatcherServlet        : Completed initialization in 1 ms
2022-11-25 00:49:25.409  INFO 22184 --- [http-nio-8080-exec-3] com.zaxxer.hikari.HikariDataSource       : HikariPool-3 - Starting...
2022-11-25 00:49:25.422  INFO 22184 --- [http-nio-8080-exec-3] com.zaxxer.hikari.HikariDataSource       : HikariPool-3 - Start completed.
2022-11-25 00:57:05.389  INFO 22184 --- [File Watcher] rtingClassPathChangeChangedEventListener : Restarting due to 1 class path change (0 additions, 0 deletions, 1 modification)
2022-11-25 00:57:05.440  INFO 22184 --- [Thread-12] o.apache.catalina.core.StandardService   : Stopping service [Tomcat]
2022-11-25 00:57:05.440  INFO 22184 --- [Thread-12] o.a.c.c.C.[Tomcat].[localhost].[/]       : Destroying Spring FrameworkServlet 'dispatcherServlet'
2022-11-25 00:57:05.443  WARN 22184 --- [Thread-12] o.a.c.loader.WebappClassLoaderBase       : The web application [ROOT] appears to have started a thread named [HikariPool-3 housekeeper] but has failed to stop it. This is very likely to create a memory leak. Stack trace of thread:
 sun.misc.Unsafe.park(Native Method)
 java.util.concurrent.locks.LockSupport.parkNanos(LockSupport.java:215)
 java.util.concurrent.locks.AbstractQueuedSynchronizer$ConditionObject.awaitNanos(AbstractQueuedSynchronizer.java:2083)
 java.util.concurrent.ScheduledThreadPoolExecutor$DelayedWorkQueue.take(ScheduledThreadPoolExecutor.java:1093)
 java.util.concurrent.ScheduledThreadPoolExecutor$DelayedWorkQueue.take(ScheduledThreadPoolExecutor.java:809)
 java.util.concurrent.ThreadPoolExecutor.getTask(ThreadPoolExecutor.java:1074)
 java.util.concurrent.ThreadPoolExecutor.runWorker(ThreadPoolExecutor.java:1134)
 java.util.concurrent.ThreadPoolExecutor$Worker.run(ThreadPoolExecutor.java:624)
 java.lang.Thread.run(Thread.java:750)
2022-11-25 00:57:05.446  INFO 22184 --- [Thread-12] com.zaxxer.hikari.HikariDataSource       : HikariPool-3 - Shutdown initiated...
2022-11-25 00:57:05.451  INFO 22184 --- [Thread-12] com.zaxxer.hikari.HikariDataSource       : HikariPool-3 - Shutdown completed.
2022-11-25 00:57:05.567  INFO 22184 --- [restartedMain] com.mycom.myapp.FinalProjectApplication  : Starting FinalProjectApplication using Java 1.8.0_332 on DESKTOP-7RK6DVE with PID 22184 (C:\Users\dlbia\Documents\workspace-sts-3.9.14.RELEASE\FinalProject\bin\main started by dlbia in C:\Users\dlbia\Documents\workspace-sts-3.9.14.RELEASE\FinalProject)
2022-11-25 00:57:05.567  INFO 22184 --- [restartedMain] com.mycom.myapp.FinalProjectApplication  : No active profile set, falling back to 1 default profile: "default"
2022-11-25 00:57:05.791  INFO 22184 --- [restartedMain] o.s.b.w.embedded.tomcat.TomcatWebServer  : Tomcat initialized with port(s): 8080 (http)
2022-11-25 00:57:05.791  INFO 22184 --- [restartedMain] o.apache.catalina.core.StandardService   : Starting service [Tomcat]
2022-11-25 00:57:05.791  INFO 22184 --- [restartedMain] org.apache.catalina.core.StandardEngine  : Starting Servlet engine: [Apache Tomcat/9.0.68]
2022-11-25 00:57:05.812  INFO 22184 --- [restartedMain] o.a.c.c.C.[Tomcat].[localhost].[/]       : Initializing Spring embedded WebApplicationContext
2022-11-25 00:57:05.812  INFO 22184 --- [restartedMain] w.s.c.ServletWebServerApplicationContext : Root WebApplicationContext: initialization completed in 243 ms
2022-11-25 00:57:05.943  INFO 22184 --- [restartedMain] o.s.b.d.a.OptionalLiveReloadServer       : LiveReload server is running on port 35729
2022-11-25 00:57:05.949  INFO 22184 --- [restartedMain] o.s.b.w.embedded.tomcat.TomcatWebServer  : Tomcat started on port(s): 8080 (http) with context path ''
2022-11-25 00:57:05.952  INFO 22184 --- [restartedMain] com.mycom.myapp.FinalProjectApplication  : Started FinalProjectApplication in 0.406 seconds (JVM running for 954.392)
2022-11-25 00:57:05.953  INFO 22184 --- [restartedMain] .ConditionEvaluationDeltaLoggingListener : Condition evaluation unchanged
2022-11-25 00:58:50.948  INFO 22184 --- [http-nio-8080-exec-1] o.a.c.c.C.[Tomcat].[localhost].[/]       : Initializing Spring DispatcherServlet 'dispatcherServlet'
2022-11-25 00:58:50.950  INFO 22184 --- [http-nio-8080-exec-1] o.s.web.servlet.DispatcherServlet        : Initializing Servlet 'dispatcherServlet'
2022-11-25 00:58:50.950  INFO 22184 --- [http-nio-8080-exec-1] o.s.web.servlet.DispatcherServlet        : Completed initialization in 0 ms
2022-11-25 00:58:52.162  INFO 22184 --- [http-nio-8080-exec-3] com.zaxxer.hikari.HikariDataSource       : HikariPool-4 - Starting...
2022-11-25 00:58:52.174  INFO 22184 --- [http-nio-8080-exec-3] com.zaxxer.hikari.HikariDataSource       : HikariPool-4 - Start completed.
2022-11-25 01:02:22.671  INFO 22184 --- [RMI TCP Connection(2)-127.0.0.1] inMXBeanRegistrar$SpringApplicationAdmin : Application shutdown requested.
2022-11-25 01:02:22.713  INFO 22184 --- [RMI TCP Connection(2)-127.0.0.1] o.apache.catalina.core.StandardService   : Stopping service [Tomcat]
2022-11-25 01:02:22.714  INFO 22184 --- [RMI TCP Connection(2)-127.0.0.1] o.a.c.c.C.[Tomcat].[localhost].[/]       : Destroying Spring FrameworkServlet 'dispatcherServlet'
2022-11-25 01:02:22.719  WARN 22184 --- [RMI TCP Connection(2)-127.0.0.1] o.a.c.loader.WebappClassLoaderBase       : The web application [ROOT] appears to have started a thread named [HikariPool-4 housekeeper] but has failed to stop it. This is very likely to create a memory leak. Stack trace of thread:
 sun.misc.Unsafe.park(Native Method)
 java.util.concurrent.locks.LockSupport.parkNanos(LockSupport.java:215)
 java.util.concurrent.locks.AbstractQueuedSynchronizer$ConditionObject.awaitNanos(AbstractQueuedSynchronizer.java:2083)
 java.util.concurrent.ScheduledThreadPoolExecutor$DelayedWorkQueue.take(ScheduledThreadPoolExecutor.java:1093)
 java.util.concurrent.ScheduledThreadPoolExecutor$DelayedWorkQueue.take(ScheduledThreadPoolExecutor.java:809)
 java.util.concurrent.ThreadPoolExecutor.getTask(ThreadPoolExecutor.java:1074)
 java.util.concurrent.ThreadPoolExecutor.runWorker(ThreadPoolExecutor.java:1134)
 java.util.concurrent.ThreadPoolExecutor$Worker.run(ThreadPoolExecutor.java:624)
 java.lang.Thread.run(Thread.java:750)
2022-11-25 01:02:22.725  INFO 22184 --- [RMI TCP Connection(2)-127.0.0.1] com.zaxxer.hikari.HikariDataSource       : HikariPool-4 - Shutdown initiated...
2022-11-25 01:02:22.736  INFO 22184 --- [RMI TCP Connection(2)-127.0.0.1] com.zaxxer.hikari.HikariDataSource       : HikariPool-4 - Shutdown completed.
2022-11-25 01:02:26.383  INFO 18488 --- [restartedMain] com.mycom.myapp.FinalProjectApplication  : Starting FinalProjectApplication using Java 1.8.0_332 on DESKTOP-7RK6DVE with PID 18488 (C:\Users\dlbia\Documents\workspace-sts-3.9.14.RELEASE\FinalProject\bin\main started by dlbia in C:\Users\dlbia\Documents\workspace-sts-3.9.14.RELEASE\FinalProject)
2022-11-25 01:02:26.393  INFO 18488 --- [restartedMain] com.mycom.myapp.FinalProjectApplication  : No active profile set, falling back to 1 default profile: "default"
2022-11-25 01:02:26.428  INFO 18488 --- [restartedMain] .e.DevToolsPropertyDefaultsPostProcessor : Devtools property defaults active! Set 'spring.devtools.add-properties' to 'false' to disable
2022-11-25 01:02:26.429  INFO 18488 --- [restartedMain] .e.DevToolsPropertyDefaultsPostProcessor : For additional web related logging consider setting the 'logging.level.web' property to 'DEBUG'
2022-11-25 01:02:27.299  INFO 18488 --- [restartedMain] o.s.b.w.embedded.tomcat.TomcatWebServer  : Tomcat initialized with port(s): 8080 (http)
2022-11-25 01:02:27.306  INFO 18488 --- [restartedMain] o.apache.catalina.core.StandardService   : Starting service [Tomcat]
2022-11-25 01:02:27.306  INFO 18488 --- [restartedMain] org.apache.catalina.core.StandardEngine  : Starting Servlet engine: [Apache Tomcat/9.0.68]
2022-11-25 01:02:27.356  INFO 18488 --- [restartedMain] o.a.c.c.C.[Tomcat].[localhost].[/]       : Initializing Spring embedded WebApplicationContext
2022-11-25 01:02:27.357  INFO 18488 --- [restartedMain] w.s.c.ServletWebServerApplicationContext : Root WebApplicationContext: initialization completed in 928 ms
2022-11-25 01:02:27.971  INFO 18488 --- [restartedMain] o.s.b.d.a.OptionalLiveReloadServer       : LiveReload server is running on port 35729
2022-11-25 01:02:27.997  INFO 18488 --- [restartedMain] o.s.b.w.embedded.tomcat.TomcatWebServer  : Tomcat started on port(s): 8080 (http) with context path ''
2022-11-25 01:02:28.005  INFO 18488 --- [restartedMain] com.mycom.myapp.FinalProjectApplication  : Started FinalProjectApplication in 1.917 seconds (JVM running for 2.462)
2022-11-25 01:02:40.423  INFO 18488 --- [http-nio-8080-exec-1] o.a.c.c.C.[Tomcat].[localhost].[/]       : Initializing Spring DispatcherServlet 'dispatcherServlet'
2022-11-25 01:02:40.424  INFO 18488 --- [http-nio-8080-exec-1] o.s.web.servlet.DispatcherServlet        : Initializing Servlet 'dispatcherServlet'
2022-11-25 01:02:40.425  INFO 18488 --- [http-nio-8080-exec-1] o.s.web.servlet.DispatcherServlet        : Completed initialization in 1 ms
2022-11-25 01:02:41.689  INFO 18488 --- [http-nio-8080-exec-3] com.zaxxer.hikari.HikariDataSource       : HikariPool-1 - Starting...
2022-11-25 01:02:41.920  INFO 18488 --- [http-nio-8080-exec-3] com.zaxxer.hikari.HikariDataSource       : HikariPool-1 - Start completed.
