2022-11-25 00:18:32.743  INFO 6216 --- [restartedMain] com.mycom.myapp.AdminApplication         : Starting AdminApplication using Java 1.8.0_192 on DESKTOP-HDAIQUR with PID 6216 (C:\Users\User\Desktop\SSAFY\Spring\admin\bin\main started by User in C:\Users\User\Desktop\SSAFY\Spring\admin)
2022-11-25 00:18:32.746  INFO 6216 --- [restartedMain] com.mycom.myapp.AdminApplication         : No active profile set, falling back to 1 default profile: "default"
2022-11-25 00:18:32.772  INFO 6216 --- [restartedMain] .e.DevToolsPropertyDefaultsPostProcessor : Devtools property defaults active! Set 'spring.devtools.add-properties' to 'false' to disable
2022-11-25 00:18:32.772  INFO 6216 --- [restartedMain] .e.DevToolsPropertyDefaultsPostProcessor : For additional web related logging consider setting the 'logging.level.web' property to 'DEBUG'
2022-11-25 00:18:33.371  INFO 6216 --- [restartedMain] o.s.b.w.embedded.tomcat.TomcatWebServer  : Tomcat initialized with port(s): 8080 (http)
2022-11-25 00:18:33.377  INFO 6216 --- [restartedMain] o.apache.catalina.core.StandardService   : Starting service [Tomcat]
2022-11-25 00:18:33.378  INFO 6216 --- [restartedMain] org.apache.catalina.core.StandardEngine  : Starting Servlet engine: [Apache Tomcat/9.0.68]
2022-11-25 00:18:33.416  INFO 6216 --- [restartedMain] o.a.c.c.C.[Tomcat].[localhost].[/]       : Initializing Spring embedded WebApplicationContext
2022-11-25 00:18:33.417  INFO 6216 --- [restartedMain] w.s.c.ServletWebServerApplicationContext : Root WebApplicationContext: initialization completed in 644 ms
2022-11-25 00:18:33.824  INFO 6216 --- [restartedMain] o.s.b.d.a.OptionalLiveReloadServer       : LiveReload server is running on port 35729
2022-11-25 00:18:33.847  INFO 6216 --- [restartedMain] o.s.b.w.embedded.tomcat.TomcatWebServer  : Tomcat started on port(s): 8080 (http) with context path ''
2022-11-25 00:18:33.853  INFO 6216 --- [restartedMain] com.mycom.myapp.AdminApplication         : Started AdminApplication in 1.316 seconds (JVM running for 1.642)
2022-11-25 00:18:36.524  INFO 6216 --- [http-nio-8080-exec-1] o.a.c.c.C.[Tomcat].[localhost].[/]       : Initializing Spring DispatcherServlet 'dispatcherServlet'
2022-11-25 00:18:36.524  INFO 6216 --- [http-nio-8080-exec-1] o.s.web.servlet.DispatcherServlet        : Initializing Servlet 'dispatcherServlet'
2022-11-25 00:18:36.524  INFO 6216 --- [http-nio-8080-exec-1] o.s.web.servlet.DispatcherServlet        : Completed initialization in 0 ms
2022-11-25 00:18:36.559  INFO 6216 --- [http-nio-8080-exec-1] com.zaxxer.hikari.HikariDataSource       : HikariPool-1 - Starting...
2022-11-25 00:18:36.687  INFO 6216 --- [http-nio-8080-exec-1] com.zaxxer.hikari.HikariDataSource       : HikariPool-1 - Start completed.
2022-11-25 00:22:03.947  INFO 6216 --- [File Watcher] rtingClassPathChangeChangedEventListener : Restarting due to 1 class path change (0 additions, 0 deletions, 1 modification)
2022-11-25 00:22:03.972  INFO 6216 --- [Thread-6] o.apache.catalina.core.StandardService   : Stopping service [Tomcat]
2022-11-25 00:22:03.974  INFO 6216 --- [Thread-6] o.a.c.c.C.[Tomcat].[localhost].[/]       : Destroying Spring FrameworkServlet 'dispatcherServlet'
2022-11-25 00:22:03.979  WARN 6216 --- [Thread-6] o.a.c.loader.WebappClassLoaderBase       : The web application [ROOT] appears to have started a thread named [HikariPool-1 housekeeper] but has failed to stop it. This is very likely to create a memory leak. Stack trace of thread:
 sun.misc.Unsafe.park(Native Method)
 java.util.concurrent.locks.LockSupport.parkNanos(LockSupport.java:215)
 java.util.concurrent.locks.AbstractQueuedSynchronizer$ConditionObject.awaitNanos(AbstractQueuedSynchronizer.java:2078)
 java.util.concurrent.ScheduledThreadPoolExecutor$DelayedWorkQueue.take(ScheduledThreadPoolExecutor.java:1093)
 java.util.concurrent.ScheduledThreadPoolExecutor$DelayedWorkQueue.take(ScheduledThreadPoolExecutor.java:809)
 java.util.concurrent.ThreadPoolExecutor.getTask(ThreadPoolExecutor.java:1074)
 java.util.concurrent.ThreadPoolExecutor.runWorker(ThreadPoolExecutor.java:1134)
 java.util.concurrent.ThreadPoolExecutor$Worker.run(ThreadPoolExecutor.java:624)
 java.lang.Thread.run(Thread.java:748)
2022-11-25 00:22:03.985  INFO 6216 --- [Thread-6] com.zaxxer.hikari.HikariDataSource       : HikariPool-1 - Shutdown initiated...
2022-11-25 00:22:03.989  INFO 6216 --- [Thread-6] com.zaxxer.hikari.HikariDataSource       : HikariPool-1 - Shutdown completed.
2022-11-25 00:22:04.123  INFO 6216 --- [restartedMain] com.mycom.myapp.AdminApplication         : Starting AdminApplication using Java 1.8.0_192 on DESKTOP-HDAIQUR with PID 6216 (C:\Users\User\Desktop\SSAFY\Spring\admin\bin\main started by User in C:\Users\User\Desktop\SSAFY\Spring\admin)
2022-11-25 00:22:04.124  INFO 6216 --- [restartedMain] com.mycom.myapp.AdminApplication         : No active profile set, falling back to 1 default profile: "default"
2022-11-25 00:22:04.246  INFO 6216 --- [restartedMain] o.s.b.w.embedded.tomcat.TomcatWebServer  : Tomcat initialized with port(s): 8080 (http)
2022-11-25 00:22:04.246  INFO 6216 --- [restartedMain] o.apache.catalina.core.StandardService   : Starting service [Tomcat]
2022-11-25 00:22:04.246  INFO 6216 --- [restartedMain] org.apache.catalina.core.StandardEngine  : Starting Servlet engine: [Apache Tomcat/9.0.68]
2022-11-25 00:22:04.251  INFO 6216 --- [restartedMain] o.a.c.c.C.[Tomcat].[localhost].[/]       : Initializing Spring embedded WebApplicationContext
2022-11-25 00:22:04.251  INFO 6216 --- [restartedMain] w.s.c.ServletWebServerApplicationContext : Root WebApplicationContext: initialization completed in 126 ms
2022-11-25 00:22:04.330  INFO 6216 --- [restartedMain] o.s.b.d.a.OptionalLiveReloadServer       : LiveReload server is running on port 35729
2022-11-25 00:22:04.335  INFO 6216 --- [restartedMain] o.s.b.w.embedded.tomcat.TomcatWebServer  : Tomcat started on port(s): 8080 (http) with context path ''
2022-11-25 00:22:04.337  INFO 6216 --- [restartedMain] com.mycom.myapp.AdminApplication         : Started AdminApplication in 0.228 seconds (JVM running for 212.127)
2022-11-25 00:22:04.338  INFO 6216 --- [restartedMain] .ConditionEvaluationDeltaLoggingListener : Condition evaluation unchanged
2022-11-25 00:22:24.936  INFO 6216 --- [http-nio-8080-exec-1] o.a.c.c.C.[Tomcat].[localhost].[/]       : Initializing Spring DispatcherServlet 'dispatcherServlet'
2022-11-25 00:22:24.937  INFO 6216 --- [http-nio-8080-exec-1] o.s.web.servlet.DispatcherServlet        : Initializing Servlet 'dispatcherServlet'
2022-11-25 00:22:24.939  INFO 6216 --- [http-nio-8080-exec-1] o.s.web.servlet.DispatcherServlet        : Completed initialization in 2 ms
2022-11-25 00:22:25.836  INFO 6216 --- [http-nio-8080-exec-2] com.zaxxer.hikari.HikariDataSource       : HikariPool-2 - Starting...
2022-11-25 00:22:25.847  INFO 6216 --- [http-nio-8080-exec-2] com.zaxxer.hikari.HikariDataSource       : HikariPool-2 - Start completed.
2022-11-25 00:23:05.901  INFO 6216 --- [File Watcher] rtingClassPathChangeChangedEventListener : Restarting due to 1 class path change (0 additions, 0 deletions, 1 modification)
2022-11-25 00:23:05.920  INFO 6216 --- [Thread-8] o.apache.catalina.core.StandardService   : Stopping service [Tomcat]
2022-11-25 00:23:05.920  INFO 6216 --- [Thread-8] o.a.c.c.C.[Tomcat].[localhost].[/]       : Destroying Spring FrameworkServlet 'dispatcherServlet'
2022-11-25 00:23:05.923  WARN 6216 --- [Thread-8] o.a.c.loader.WebappClassLoaderBase       : The web application [ROOT] appears to have started a thread named [HikariPool-2 housekeeper] but has failed to stop it. This is very likely to create a memory leak. Stack trace of thread:
 sun.misc.Unsafe.park(Native Method)
 java.util.concurrent.locks.LockSupport.parkNanos(LockSupport.java:215)
 java.util.concurrent.locks.AbstractQueuedSynchronizer$ConditionObject.awaitNanos(AbstractQueuedSynchronizer.java:2078)
 java.util.concurrent.ScheduledThreadPoolExecutor$DelayedWorkQueue.take(ScheduledThreadPoolExecutor.java:1093)
 java.util.concurrent.ScheduledThreadPoolExecutor$DelayedWorkQueue.take(ScheduledThreadPoolExecutor.java:809)
 java.util.concurrent.ThreadPoolExecutor.getTask(ThreadPoolExecutor.java:1074)
 java.util.concurrent.ThreadPoolExecutor.runWorker(ThreadPoolExecutor.java:1134)
 java.util.concurrent.ThreadPoolExecutor$Worker.run(ThreadPoolExecutor.java:624)
 java.lang.Thread.run(Thread.java:748)
2022-11-25 00:23:05.925  INFO 6216 --- [Thread-8] com.zaxxer.hikari.HikariDataSource       : HikariPool-2 - Shutdown initiated...
2022-11-25 00:23:05.928  INFO 6216 --- [Thread-8] com.zaxxer.hikari.HikariDataSource       : HikariPool-2 - Shutdown completed.
2022-11-25 00:23:06.022  INFO 6216 --- [restartedMain] com.mycom.myapp.AdminApplication         : Starting AdminApplication using Java 1.8.0_192 on DESKTOP-HDAIQUR with PID 6216 (C:\Users\User\Desktop\SSAFY\Spring\admin\bin\main started by User in C:\Users\User\Desktop\SSAFY\Spring\admin)
2022-11-25 00:23:06.022  INFO 6216 --- [restartedMain] com.mycom.myapp.AdminApplication         : No active profile set, falling back to 1 default profile: "default"
2022-11-25 00:23:06.130  INFO 6216 --- [restartedMain] o.s.b.w.embedded.tomcat.TomcatWebServer  : Tomcat initialized with port(s): 8080 (http)
2022-11-25 00:23:06.131  INFO 6216 --- [restartedMain] o.apache.catalina.core.StandardService   : Starting service [Tomcat]
2022-11-25 00:23:06.131  INFO 6216 --- [restartedMain] org.apache.catalina.core.StandardEngine  : Starting Servlet engine: [Apache Tomcat/9.0.68]
2022-11-25 00:23:06.135  INFO 6216 --- [restartedMain] o.a.c.c.C.[Tomcat].[localhost].[/]       : Initializing Spring embedded WebApplicationContext
2022-11-25 00:23:06.135  INFO 6216 --- [restartedMain] w.s.c.ServletWebServerApplicationContext : Root WebApplicationContext: initialization completed in 112 ms
2022-11-25 00:23:06.201  INFO 6216 --- [restartedMain] o.s.b.d.a.OptionalLiveReloadServer       : LiveReload server is running on port 35729
2022-11-25 00:23:06.205  INFO 6216 --- [restartedMain] o.s.b.w.embedded.tomcat.TomcatWebServer  : Tomcat started on port(s): 8080 (http) with context path ''
2022-11-25 00:23:06.207  INFO 6216 --- [restartedMain] com.mycom.myapp.AdminApplication         : Started AdminApplication in 0.197 seconds (JVM running for 273.997)
2022-11-25 00:23:06.208  INFO 6216 --- [restartedMain] .ConditionEvaluationDeltaLoggingListener : Condition evaluation unchanged
2022-11-25 00:23:09.524  INFO 6216 --- [http-nio-8080-exec-1] o.a.c.c.C.[Tomcat].[localhost].[/]       : Initializing Spring DispatcherServlet 'dispatcherServlet'
2022-11-25 00:23:09.525  INFO 6216 --- [http-nio-8080-exec-1] o.s.web.servlet.DispatcherServlet        : Initializing Servlet 'dispatcherServlet'
2022-11-25 00:23:09.525  INFO 6216 --- [http-nio-8080-exec-1] o.s.web.servlet.DispatcherServlet        : Completed initialization in 0 ms
2022-11-25 00:23:10.294  INFO 6216 --- [http-nio-8080-exec-2] com.zaxxer.hikari.HikariDataSource       : HikariPool-3 - Starting...
2022-11-25 00:23:10.307  INFO 6216 --- [http-nio-8080-exec-2] com.zaxxer.hikari.HikariDataSource       : HikariPool-3 - Start completed.
2022-11-25 00:24:26.409  INFO 6216 --- [RMI TCP Connection(2)-127.0.0.1] inMXBeanRegistrar$SpringApplicationAdmin : Application shutdown requested.
2022-11-25 00:24:26.425  INFO 6216 --- [RMI TCP Connection(2)-127.0.0.1] o.apache.catalina.core.StandardService   : Stopping service [Tomcat]
2022-11-25 00:24:26.426  INFO 6216 --- [RMI TCP Connection(2)-127.0.0.1] o.a.c.c.C.[Tomcat].[localhost].[/]       : Destroying Spring FrameworkServlet 'dispatcherServlet'
2022-11-25 00:24:26.428  WARN 6216 --- [RMI TCP Connection(2)-127.0.0.1] o.a.c.loader.WebappClassLoaderBase       : The web application [ROOT] appears to have started a thread named [HikariPool-3 housekeeper] but has failed to stop it. This is very likely to create a memory leak. Stack trace of thread:
 sun.misc.Unsafe.park(Native Method)
 java.util.concurrent.locks.LockSupport.parkNanos(LockSupport.java:215)
 java.util.concurrent.locks.AbstractQueuedSynchronizer$ConditionObject.awaitNanos(AbstractQueuedSynchronizer.java:2078)
 java.util.concurrent.ScheduledThreadPoolExecutor$DelayedWorkQueue.take(ScheduledThreadPoolExecutor.java:1093)
 java.util.concurrent.ScheduledThreadPoolExecutor$DelayedWorkQueue.take(ScheduledThreadPoolExecutor.java:809)
 java.util.concurrent.ThreadPoolExecutor.getTask(ThreadPoolExecutor.java:1074)
 java.util.concurrent.ThreadPoolExecutor.runWorker(ThreadPoolExecutor.java:1134)
 java.util.concurrent.ThreadPoolExecutor$Worker.run(ThreadPoolExecutor.java:624)
 java.lang.Thread.run(Thread.java:748)
2022-11-25 00:24:26.431  INFO 6216 --- [RMI TCP Connection(2)-127.0.0.1] com.zaxxer.hikari.HikariDataSource       : HikariPool-3 - Shutdown initiated...
2022-11-25 00:24:26.433  INFO 6216 --- [RMI TCP Connection(2)-127.0.0.1] com.zaxxer.hikari.HikariDataSource       : HikariPool-3 - Shutdown completed.
2022-11-25 06:55:21.972  INFO 7868 --- [restartedMain] com.mycom.myapp.AdminApplication         : Starting AdminApplication using Java 1.8.0_192 on DESKTOP-HDAIQUR with PID 7868 (C:\Users\User\Desktop\SSAFY\Spring\admin\bin\main started by User in C:\Users\User\Desktop\SSAFY\Spring\admin)
2022-11-25 06:55:21.973  INFO 7868 --- [restartedMain] com.mycom.myapp.AdminApplication         : No active profile set, falling back to 1 default profile: "default"
2022-11-25 06:55:21.993  INFO 7868 --- [restartedMain] .e.DevToolsPropertyDefaultsPostProcessor : Devtools property defaults active! Set 'spring.devtools.add-properties' to 'false' to disable
2022-11-25 06:55:21.994  INFO 7868 --- [restartedMain] .e.DevToolsPropertyDefaultsPostProcessor : For additional web related logging consider setting the 'logging.level.web' property to 'DEBUG'
2022-11-25 06:55:22.600  INFO 7868 --- [restartedMain] o.s.b.w.embedded.tomcat.TomcatWebServer  : Tomcat initialized with port(s): 8080 (http)
2022-11-25 06:55:22.608  INFO 7868 --- [restartedMain] o.apache.catalina.core.StandardService   : Starting service [Tomcat]
2022-11-25 06:55:22.608  INFO 7868 --- [restartedMain] org.apache.catalina.core.StandardEngine  : Starting Servlet engine: [Apache Tomcat/9.0.68]
2022-11-25 06:55:22.654  INFO 7868 --- [restartedMain] o.a.c.c.C.[Tomcat].[localhost].[/]       : Initializing Spring embedded WebApplicationContext
2022-11-25 06:55:22.654  INFO 7868 --- [restartedMain] w.s.c.ServletWebServerApplicationContext : Root WebApplicationContext: initialization completed in 660 ms
2022-11-25 06:55:23.199  INFO 7868 --- [restartedMain] o.s.b.d.a.OptionalLiveReloadServer       : LiveReload server is running on port 35729
2022-11-25 06:55:23.224  INFO 7868 --- [restartedMain] o.s.b.w.embedded.tomcat.TomcatWebServer  : Tomcat started on port(s): 8080 (http) with context path ''
2022-11-25 06:55:23.231  INFO 7868 --- [restartedMain] com.mycom.myapp.AdminApplication         : Started AdminApplication in 1.432 seconds (JVM running for 1.772)
2022-11-25 06:56:03.207  INFO 7868 --- [http-nio-8080-exec-1] o.a.c.c.C.[Tomcat].[localhost].[/]       : Initializing Spring DispatcherServlet 'dispatcherServlet'
2022-11-25 06:56:03.207  INFO 7868 --- [http-nio-8080-exec-1] o.s.web.servlet.DispatcherServlet        : Initializing Servlet 'dispatcherServlet'
2022-11-25 06:56:03.208  INFO 7868 --- [http-nio-8080-exec-1] o.s.web.servlet.DispatcherServlet        : Completed initialization in 1 ms
2022-11-25 06:56:03.258  INFO 7868 --- [http-nio-8080-exec-2] com.zaxxer.hikari.HikariDataSource       : HikariPool-1 - Starting...
2022-11-25 06:56:03.458  INFO 7868 --- [http-nio-8080-exec-2] com.zaxxer.hikari.HikariDataSource       : HikariPool-1 - Start completed.
2022-11-25 07:58:50.809  INFO 7868 --- [RMI TCP Connection(2)-127.0.0.1] inMXBeanRegistrar$SpringApplicationAdmin : Application shutdown requested.
2022-11-25 07:58:50.857  INFO 7868 --- [RMI TCP Connection(2)-127.0.0.1] o.apache.catalina.core.StandardService   : Stopping service [Tomcat]
2022-11-25 07:58:50.861  INFO 7868 --- [RMI TCP Connection(2)-127.0.0.1] o.a.c.c.C.[Tomcat].[localhost].[/]       : Destroying Spring FrameworkServlet 'dispatcherServlet'
2022-11-25 07:58:50.868  WARN 7868 --- [RMI TCP Connection(2)-127.0.0.1] o.a.c.loader.WebappClassLoaderBase       : The web application [ROOT] appears to have started a thread named [HikariPool-1 housekeeper] but has failed to stop it. This is very likely to create a memory leak. Stack trace of thread:
 sun.misc.Unsafe.park(Native Method)
 java.util.concurrent.locks.LockSupport.parkNanos(LockSupport.java:215)
 java.util.concurrent.locks.AbstractQueuedSynchronizer$ConditionObject.awaitNanos(AbstractQueuedSynchronizer.java:2078)
 java.util.concurrent.ScheduledThreadPoolExecutor$DelayedWorkQueue.take(ScheduledThreadPoolExecutor.java:1093)
 java.util.concurrent.ScheduledThreadPoolExecutor$DelayedWorkQueue.take(ScheduledThreadPoolExecutor.java:809)
 java.util.concurrent.ThreadPoolExecutor.getTask(ThreadPoolExecutor.java:1074)
 java.util.concurrent.ThreadPoolExecutor.runWorker(ThreadPoolExecutor.java:1134)
 java.util.concurrent.ThreadPoolExecutor$Worker.run(ThreadPoolExecutor.java:624)
 java.lang.Thread.run(Thread.java:748)
2022-11-25 07:58:50.881  INFO 7868 --- [RMI TCP Connection(2)-127.0.0.1] com.zaxxer.hikari.HikariDataSource       : HikariPool-1 - Shutdown initiated...
2022-11-25 07:58:50.887  INFO 7868 --- [RMI TCP Connection(2)-127.0.0.1] com.zaxxer.hikari.HikariDataSource       : HikariPool-1 - Shutdown completed.
